0 info it worked if it ends with ok
1 verbose cli [ '/usr/local/Cellar/node/0.10.26/bin/node',
1 verbose cli   '/usr/local/bin/npm',
1 verbose cli   '-g',
1 verbose cli   'install' ]
2 info using npm@1.4.3
3 info using node@v0.10.26
4 verbose cache add [ '.', null ]
5 verbose cache add name=undefined spec="." args=[".",null]
6 verbose parsed url { protocol: null,
6 verbose parsed url   slashes: null,
6 verbose parsed url   auth: null,
6 verbose parsed url   host: null,
6 verbose parsed url   port: null,
6 verbose parsed url   hostname: null,
6 verbose parsed url   hash: null,
6 verbose parsed url   search: null,
6 verbose parsed url   query: null,
6 verbose parsed url   pathname: '.',
6 verbose parsed url   path: '.',
6 verbose parsed url   href: '.' }
7 silly lockFile 3a52ce78- .
8 verbose lock . /Users/darron/.npm/3a52ce78-.lock
9 silly lockFile 3a52ce78- .
10 silly lockFile 3a52ce78- .
11 error addLocal Could not install .
12 error Error: No version provided
12 error     at needVersion (/usr/local/Cellar/node/0.10.26/lib/node_modules/npm/lib/cache.js:1316:40)
12 error     at /usr/local/Cellar/node/0.10.26/lib/node_modules/npm/lib/cache.js:1181:10
12 error     at /usr/local/Cellar/node/0.10.26/lib/node_modules/npm/node_modules/read-package-json/read-json.js:51:40
12 error     at final (/usr/local/Cellar/node/0.10.26/lib/node_modules/npm/node_modules/read-package-json/read-json.js:335:17)
12 error     at then (/usr/local/Cellar/node/0.10.26/lib/node_modules/npm/node_modules/read-package-json/read-json.js:126:33)
12 error     at /usr/local/Cellar/node/0.10.26/lib/node_modules/npm/node_modules/read-package-json/read-json.js:317:40
12 error     at fs.js:266:14
12 error     at /usr/local/Cellar/node/0.10.26/lib/node_modules/npm/node_modules/graceful-fs/graceful-fs.js:105:5
12 error     at Object.oncomplete (fs.js:107:15)
13 error If you need help, you may report this *entire* log,
13 error including the npm and node versions, at:
13 error     <http://github.com/npm/npm/issues>
14 error System Darwin 13.1.0
15 error command "/usr/local/Cellar/node/0.10.26/bin/node" "/usr/local/bin/npm" "-g" "install"
16 error cwd /Users/darron/Dropbox/src/octo-examples/metalsmith
17 error node -v v0.10.26
18 error npm -v 1.4.3
19 verbose exit [ 1, true ]
